{"/Users/admin/Desktop/furkan_aksoylu_test_backend/test_backend/src/core/db.ts": {"path":"/Users/admin/Desktop/furkan_aksoylu_test_backend/test_backend/src/core/db.ts","statementMap":{"0":{"start":{"line":1,"column":0},"end":{"line":1,"column":25}},"1":{"start":{"line":3,"column":13},"end":{"line":10,"column":2}},"2":{"start":{"line":13,"column":11},"end":{"line":16,"column":2}},"3":{"start":{"line":13,"column":47},"end":{"line":16,"column":2}},"4":{"start":{"line":14,"column":17},"end":{"line":14,"column":47}},"5":{"start":{"line":15,"column":2},"end":{"line":15,"column":23}},"6":{"start":{"line":18,"column":0},"end":{"line":18,"column":null}}},"fnMap":{"0":{"name":"(anonymous_7)","decl":{"start":{"line":13,"column":11},"end":{"line":13,"column":18}},"loc":{"start":{"line":13,"column":47},"end":{"line":16,"column":2}}},"1":{"name":"(anonymous_8)","decl":{"start":{"line":13,"column":47},"end":{"line":13,"column":null}},"loc":{"start":{"line":13,"column":47},"end":{"line":16,"column":1}}}},"branchMap":{"0":{"loc":{"start":{"line":4,"column":8},"end":{"line":4,"column":40}},"type":"cond-expr","locations":[{"start":{"line":4,"column":27},"end":{"line":4,"column":31}},{"start":{"line":4,"column":31},"end":{"line":4,"column":40}}]},"1":{"loc":{"start":{"line":4,"column":8},"end":{"line":4,"column":31}},"type":"binary-expr","locations":[{"start":{"line":4,"column":8},"end":{"line":4,"column":31}},{"start":{"line":4,"column":27},"end":{"line":4,"column":31}}]},"2":{"loc":{"start":{"line":5,"column":8},"end":{"line":5,"column":89}},"type":"cond-expr","locations":[{"start":{"line":5,"column":27},"end":{"line":5,"column":31}},{"start":{"line":5,"column":31},"end":{"line":5,"column":89}}]},"3":{"loc":{"start":{"line":5,"column":8},"end":{"line":5,"column":31}},"type":"binary-expr","locations":[{"start":{"line":5,"column":8},"end":{"line":5,"column":31}},{"start":{"line":5,"column":27},"end":{"line":5,"column":31}}]},"4":{"loc":{"start":{"line":6,"column":12},"end":{"line":6,"column":45}},"type":"cond-expr","locations":[{"start":{"line":6,"column":35},"end":{"line":6,"column":39}},{"start":{"line":6,"column":39},"end":{"line":6,"column":45}}]},"5":{"loc":{"start":{"line":6,"column":12},"end":{"line":6,"column":39}},"type":"binary-expr","locations":[{"start":{"line":6,"column":12},"end":{"line":6,"column":39}},{"start":{"line":6,"column":35},"end":{"line":6,"column":39}}]},"6":{"loc":{"start":{"line":7,"column":12},"end":{"line":7,"column":73}},"type":"cond-expr","locations":[{"start":{"line":7,"column":35},"end":{"line":7,"column":39}},{"start":{"line":7,"column":39},"end":{"line":7,"column":73}}]},"7":{"loc":{"start":{"line":7,"column":12},"end":{"line":7,"column":39}},"type":"binary-expr","locations":[{"start":{"line":7,"column":12},"end":{"line":7,"column":39}},{"start":{"line":7,"column":35},"end":{"line":7,"column":39}}]}},"s":{"0":4,"1":4,"2":4,"3":6,"4":6,"5":5,"6":4},"f":{"0":6,"1":6},"b":{"0":[0,4],"1":[4,4],"2":[0,4],"3":[4,4],"4":[0,4],"5":[4,4],"6":[0,4],"7":[4,4]}}
,"/Users/admin/Desktop/furkan_aksoylu_test_backend/test_backend/src/core/jwt.ts": {"path":"/Users/admin/Desktop/furkan_aksoylu_test_backend/test_backend/src/core/jwt.ts","statementMap":{"0":{"start":{"line":1,"column":10},"end":{"line":1,"column":33}},"1":{"start":{"line":3,"column":20},"end":{"line":9,"column":1}},"2":{"start":{"line":4,"column":18},"end":{"line":6,"column":4}},"3":{"start":{"line":8,"column":2},"end":{"line":8,"column":87}},"4":{"start":{"line":11,"column":0},"end":{"line":11,"column":27}}},"fnMap":{"0":{"name":"(anonymous_0)","decl":{"start":{"line":3,"column":20},"end":{"line":3,"column":21}},"loc":{"start":{"line":3,"column":40},"end":{"line":9,"column":1}}}},"branchMap":{"0":{"loc":{"start":{"line":8,"column":27},"end":{"line":8,"column":59}},"type":"cond-expr","locations":[{"start":{"line":8,"column":49},"end":{"line":8,"column":53}},{"start":{"line":8,"column":53},"end":{"line":8,"column":59}}]},"1":{"loc":{"start":{"line":8,"column":27},"end":{"line":8,"column":53}},"type":"binary-expr","locations":[{"start":{"line":8,"column":27},"end":{"line":8,"column":53}},{"start":{"line":8,"column":49},"end":{"line":8,"column":53}}]}},"s":{"0":2,"1":2,"2":1,"3":1,"4":2},"f":{"0":1},"b":{"0":[0,1],"1":[1,1]}}
,"/Users/admin/Desktop/furkan_aksoylu_test_backend/test_backend/src/core/validation_message.ts": {"path":"/Users/admin/Desktop/furkan_aksoylu_test_backend/test_backend/src/core/validation_message.ts","statementMap":{"0":{"start":{"line":1,"column":27},"end":{"line":8,"column":1}},"1":{"start":{"line":2,"column":26},"end":{"line":2,"column":28}},"2":{"start":{"line":3,"column":4},"end":{"line":3,"column":83}},"3":{"start":{"line":3,"column":68},"end":{"line":3,"column":81}},"4":{"start":{"line":4,"column":4},"end":{"line":6,"column":null}},"5":{"start":{"line":5,"column":8},"end":{"line":5,"column":60}},"6":{"start":{"line":7,"column":4},"end":{"line":7,"column":20}},"7":{"start":{"line":10,"column":0},"end":{"line":10,"column":34}}},"fnMap":{"0":{"name":"(anonymous_0)","decl":{"start":{"line":1,"column":27},"end":{"line":1,"column":28}},"loc":{"start":{"line":1,"column":51},"end":{"line":8,"column":1}}},"1":{"name":"(anonymous_1)","decl":{"start":{"line":3,"column":38},"end":{"line":3,"column":39}},"loc":{"start":{"line":3,"column":68},"end":{"line":3,"column":81}}}},"branchMap":{},"s":{"0":2,"1":0,"2":0,"3":0,"4":0,"5":0,"6":0,"7":2},"f":{"0":0,"1":0},"b":{}}
,"/Users/admin/Desktop/furkan_aksoylu_test_backend/test_backend/src/data/data.ts": {"path":"/Users/admin/Desktop/furkan_aksoylu_test_backend/test_backend/src/data/data.ts","statementMap":{"0":{"start":{"line":1,"column":0},"end":{"line":1,"column":20}},"1":{"start":{"line":3,"column":17},"end":{"line":25,"column":2}},"2":{"start":{"line":3,"column":47},"end":{"line":25,"column":2}},"3":{"start":{"line":4,"column":18},"end":{"line":6,"column":null}},"4":{"start":{"line":8,"column":21},"end":{"line":8,"column":48}},"5":{"start":{"line":9,"column":24},"end":{"line":9,"column":26}},"6":{"start":{"line":10,"column":2},"end":{"line":22,"column":4}},"7":{"start":{"line":12,"column":6},"end":{"line":20,"column":9}},"8":{"start":{"line":24,"column":2},"end":{"line":24,"column":15}},"9":{"start":{"line":27,"column":16},"end":{"line":33,"column":2}},"10":{"start":{"line":27,"column":41},"end":{"line":33,"column":2}},"11":{"start":{"line":28,"column":16},"end":{"line":28,"column":32}},"12":{"start":{"line":29,"column":2},"end":{"line":31,"column":null}},"13":{"start":{"line":30,"column":4},"end":{"line":30,"column":107}},"14":{"start":{"line":30,"column":31},"end":{"line":30,"column":106}},"15":{"start":{"line":32,"column":2},"end":{"line":32,"column":15}},"16":{"start":{"line":35,"column":0},"end":{"line":35,"column":27}}},"fnMap":{"0":{"name":"(anonymous_8)","decl":{"start":{"line":3,"column":17},"end":{"line":3,"column":45}},"loc":{"start":{"line":3,"column":47},"end":{"line":25,"column":2}}},"1":{"name":"(anonymous_9)","decl":{"start":{"line":3,"column":47},"end":{"line":3,"column":null}},"loc":{"start":{"line":3,"column":47},"end":{"line":25,"column":1}}},"2":{"name":"(anonymous_10)","decl":{"start":{"line":11,"column":4},"end":{"line":11,"column":5}},"loc":{"start":{"line":11,"column":16},"end":{"line":21,"column":5}}},"3":{"name":"(anonymous_11)","decl":{"start":{"line":27,"column":16},"end":{"line":27,"column":23}},"loc":{"start":{"line":27,"column":41},"end":{"line":33,"column":2}}},"4":{"name":"(anonymous_12)","decl":{"start":{"line":27,"column":41},"end":{"line":27,"column":null}},"loc":{"start":{"line":27,"column":41},"end":{"line":33,"column":1}}},"5":{"name":"(anonymous_13)","decl":{"start":{"line":30,"column":24},"end":{"line":30,"column":25}},"loc":{"start":{"line":30,"column":30},"end":{"line":30,"column":106}}}},"branchMap":{"0":{"loc":{"start":{"line":18,"column":15},"end":{"line":18,"column":61}},"type":"cond-expr","locations":[{"start":{"line":18,"column":39},"end":{"line":18,"column":41}},{"start":{"line":18,"column":44},"end":{"line":18,"column":61}}]},"1":{"loc":{"start":{"line":29,"column":2},"end":{"line":31,"column":null}},"type":"if","locations":[{"start":{"line":29,"column":2},"end":{"line":31,"column":null}}]},"2":{"loc":{"start":{"line":30,"column":31},"end":{"line":30,"column":105}},"type":"cond-expr","locations":[{"start":{"line":30,"column":38},"end":{"line":30,"column":40}},{"start":{"line":30,"column":38},"end":{"line":30,"column":105}}]},"3":{"loc":{"start":{"line":30,"column":31},"end":{"line":30,"column":40}},"type":"binary-expr","locations":[{"start":{"line":30,"column":31},"end":{"line":30,"column":40}},{"start":{"line":30,"column":38},"end":{"line":30,"column":40}}]}},"s":{"0":2,"1":2,"2":2,"3":2,"4":2,"5":2,"6":2,"7":54,"8":2,"9":2,"10":2,"11":2,"12":2,"13":1,"14":27,"15":1,"16":2},"f":{"0":2,"1":2,"2":54,"3":2,"4":2,"5":27},"b":{"0":[2,52],"1":[1],"2":[0,27],"3":[27,27]}}
,"/Users/admin/Desktop/furkan_aksoylu_test_backend/test_backend/src/dto/loginDto.ts": {"path":"/Users/admin/Desktop/furkan_aksoylu_test_backend/test_backend/src/dto/loginDto.ts","statementMap":{"0":{"start":{"line":1,"column":0},"end":{"line":1,"column":42}},"1":{"start":{"line":5,"column":2},"end":{"line":5,"column":null}},"2":{"start":{"line":3,"column":0},"end":{"line":3,"column":13}}},"fnMap":{},"branchMap":{},"s":{"0":2,"1":2,"2":2},"f":{},"b":{}}
,"/Users/admin/Desktop/furkan_aksoylu_test_backend/test_backend/src/dto/registerDto.ts": {"path":"/Users/admin/Desktop/furkan_aksoylu_test_backend/test_backend/src/dto/registerDto.ts","statementMap":{"0":{"start":{"line":1,"column":0},"end":{"line":1,"column":64}},"1":{"start":{"line":10,"column":2},"end":{"line":10,"column":null}},"2":{"start":{"line":13,"column":2},"end":{"line":13,"column":null}},"3":{"start":{"line":22,"column":2},"end":{"line":22,"column":null}},"4":{"start":{"line":3,"column":0},"end":{"line":3,"column":13}}},"fnMap":{},"branchMap":{},"s":{"0":2,"1":2,"2":2,"3":2,"4":2},"f":{},"b":{}}
,"/Users/admin/Desktop/furkan_aksoylu_test_backend/test_backend/src/services/authService.ts": {"path":"/Users/admin/Desktop/furkan_aksoylu_test_backend/test_backend/src/services/authService.ts","statementMap":{"0":{"start":{"line":1,"column":0},"end":{"line":1,"column":43}},"1":{"start":{"line":3,"column":0},"end":{"line":3,"column":28}},"2":{"start":{"line":5,"column":0},"end":{"line":5,"column":30}},"3":{"start":{"line":7,"column":0},"end":{"line":7,"column":30}},"4":{"start":{"line":8,"column":0},"end":{"line":8,"column":60}},"5":{"start":{"line":9,"column":0},"end":{"line":9,"column":43}},"6":{"start":{"line":10,"column":0},"end":{"line":10,"column":49}},"7":{"start":{"line":12,"column":17},"end":{"line":50,"column":4}},"8":{"start":{"line":12,"column":59},"end":{"line":50,"column":4}},"9":{"start":{"line":13,"column":38},"end":{"line":13,"column":48}},"10":{"start":{"line":14,"column":14},"end":{"line":14,"column":31}},"11":{"start":{"line":15,"column":4},"end":{"line":15,"column":20}},"12":{"start":{"line":16,"column":4},"end":{"line":16,"column":22}},"13":{"start":{"line":17,"column":4},"end":{"line":17,"column":28}},"14":{"start":{"line":18,"column":21},"end":{"line":18,"column":40}},"15":{"start":{"line":19,"column":4},"end":{"line":25,"column":null}},"16":{"start":{"line":20,"column":6},"end":{"line":24,"column":8}},"17":{"start":{"line":27,"column":15},"end":{"line":30,"column":null}},"18":{"start":{"line":32,"column":4},"end":{"line":38,"column":null}},"19":{"start":{"line":33,"column":6},"end":{"line":37,"column":8}},"20":{"start":{"line":39,"column":4},"end":{"line":39,"column":55}},"21":{"start":{"line":40,"column":4},"end":{"line":43,"column":6}},"22":{"start":{"line":45,"column":4},"end":{"line":49,"column":6}},"23":{"start":{"line":51,"column":16},"end":{"line":97,"column":4}},"24":{"start":{"line":51,"column":58},"end":{"line":97,"column":4}},"25":{"start":{"line":52,"column":32},"end":{"line":52,"column":42}},"26":{"start":{"line":53,"column":14},"end":{"line":53,"column":28}},"27":{"start":{"line":54,"column":4},"end":{"line":54,"column":55}},"28":{"start":{"line":56,"column":21},"end":{"line":56,"column":40}},"29":{"start":{"line":57,"column":4},"end":{"line":63,"column":null}},"30":{"start":{"line":58,"column":6},"end":{"line":62,"column":8}},"31":{"start":{"line":65,"column":20},"end":{"line":68,"column":null}},"32":{"start":{"line":70,"column":4},"end":{"line":70,"column":19}},"33":{"start":{"line":71,"column":4},"end":{"line":77,"column":null}},"34":{"start":{"line":72,"column":6},"end":{"line":76,"column":8}},"35":{"start":{"line":78,"column":18},"end":{"line":78,"column":63}},"36":{"start":{"line":79,"column":22},"end":{"line":84,"column":6}},"37":{"start":{"line":85,"column":4},"end":{"line":91,"column":null}},"38":{"start":{"line":86,"column":6},"end":{"line":90,"column":8}},"39":{"start":{"line":92,"column":4},"end":{"line":96,"column":6}},"40":{"start":{"line":98,"column":2},"end":{"line":101,"column":null}}},"fnMap":{"0":{"name":"(anonymous_8)","decl":{"start":{"line":12,"column":17},"end":{"line":12,"column":24}},"loc":{"start":{"line":12,"column":59},"end":{"line":50,"column":4}}},"1":{"name":"(anonymous_9)","decl":{"start":{"line":12,"column":59},"end":{"line":12,"column":null}},"loc":{"start":{"line":12,"column":59},"end":{"line":50,"column":3}}},"2":{"name":"(anonymous_10)","decl":{"start":{"line":51,"column":16},"end":{"line":51,"column":23}},"loc":{"start":{"line":51,"column":58},"end":{"line":97,"column":4}}},"3":{"name":"(anonymous_11)","decl":{"start":{"line":51,"column":58},"end":{"line":51,"column":null}},"loc":{"start":{"line":51,"column":58},"end":{"line":97,"column":3}}}},"branchMap":{"0":{"loc":{"start":{"line":19,"column":4},"end":{"line":25,"column":null}},"type":"if","locations":[{"start":{"line":19,"column":4},"end":{"line":25,"column":null}}]},"1":{"loc":{"start":{"line":32,"column":4},"end":{"line":38,"column":null}},"type":"if","locations":[{"start":{"line":32,"column":4},"end":{"line":38,"column":null}}]},"2":{"loc":{"start":{"line":57,"column":4},"end":{"line":63,"column":null}},"type":"if","locations":[{"start":{"line":57,"column":4},"end":{"line":63,"column":null}}]},"3":{"loc":{"start":{"line":71,"column":4},"end":{"line":77,"column":null}},"type":"if","locations":[{"start":{"line":71,"column":4},"end":{"line":77,"column":null}}]},"4":{"loc":{"start":{"line":85,"column":4},"end":{"line":91,"column":null}},"type":"if","locations":[{"start":{"line":85,"column":4},"end":{"line":91,"column":null}}]}},"s":{"0":2,"1":2,"2":2,"3":2,"4":2,"5":2,"6":2,"7":2,"8":1,"9":1,"10":1,"11":1,"12":1,"13":1,"14":1,"15":1,"16":0,"17":1,"18":1,"19":0,"20":1,"21":1,"22":0,"23":2,"24":1,"25":1,"26":1,"27":1,"28":1,"29":1,"30":0,"31":1,"32":1,"33":1,"34":0,"35":1,"36":1,"37":1,"38":1,"39":0,"40":2},"f":{"0":1,"1":1,"2":1,"3":1},"b":{"0":[0],"1":[0],"2":[0],"3":[0],"4":[1]}}
,"/Users/admin/Desktop/furkan_aksoylu_test_backend/test_backend/src/services/gamesService.ts": {"path":"/Users/admin/Desktop/furkan_aksoylu_test_backend/test_backend/src/services/gamesService.ts","statementMap":{"0":{"start":{"line":2,"column":0},"end":{"line":2,"column":28}},"1":{"start":{"line":3,"column":0},"end":{"line":3,"column":43}},"2":{"start":{"line":6,"column":17},"end":{"line":14,"column":2}},"3":{"start":{"line":6,"column":60},"end":{"line":14,"column":2}},"4":{"start":{"line":7,"column":22},"end":{"line":7,"column":33}},"5":{"start":{"line":8,"column":16},"end":{"line":8,"column":64}},"6":{"start":{"line":9,"column":4},"end":{"line":13,"column":6}},"7":{"start":{"line":16,"column":20},"end":{"line":50,"column":null}},"8":{"start":{"line":16,"column":61},"end":{"line":50,"column":null}},"9":{"start":{"line":17,"column":24},"end":{"line":17,"column":38}},"10":{"start":{"line":18,"column":21},"end":{"line":18,"column":48}},"11":{"start":{"line":19,"column":4},"end":{"line":25,"column":null}},"12":{"start":{"line":20,"column":8},"end":{"line":24,"column":null}},"13":{"start":{"line":26,"column":22},"end":{"line":26,"column":32}},"14":{"start":{"line":27,"column":18},"end":{"line":27,"column":19}},"15":{"start":{"line":28,"column":4},"end":{"line":37,"column":null}},"16":{"start":{"line":28,"column":17},"end":{"line":28,"column":18}},"17":{"start":{"line":29,"column":8},"end":{"line":36,"column":null}},"18":{"start":{"line":30,"column":12},"end":{"line":34,"column":null}},"19":{"start":{"line":31,"column":16},"end":{"line":31,"column":70}},"20":{"start":{"line":32,"column":18},"end":{"line":34,"column":null}},"21":{"start":{"line":33,"column":16},"end":{"line":33,"column":70}},"22":{"start":{"line":39,"column":18},"end":{"line":39,"column":56}},"23":{"start":{"line":41,"column":4},"end":{"line":49,"column":null}},"24":{"start":{"line":52,"column":21},"end":{"line":59,"column":null}},"25":{"start":{"line":52,"column":42},"end":{"line":59,"column":null}},"26":{"start":{"line":53,"column":20},"end":{"line":56,"column":null}},"27":{"start":{"line":58,"column":6},"end":{"line":58,"column":27}},"28":{"start":{"line":61,"column":24},"end":{"line":74,"column":null}},"29":{"start":{"line":61,"column":63},"end":{"line":74,"column":null}},"30":{"start":{"line":62,"column":20},"end":{"line":65,"column":null}},"31":{"start":{"line":67,"column":6},"end":{"line":67,"column":21}},"32":{"start":{"line":68,"column":6},"end":{"line":68,"column":34}},"33":{"start":{"line":69,"column":6},"end":{"line":69,"column":40}},"34":{"start":{"line":70,"column":6},"end":{"line":72,"column":null}},"35":{"start":{"line":73,"column":6},"end":{"line":73,"column":24}},"36":{"start":{"line":76,"column":17},"end":{"line":82,"column":1}},"37":{"start":{"line":77,"column":16},"end":{"line":77,"column":91}},"38":{"start":{"line":78,"column":16},"end":{"line":78,"column":91}},"39":{"start":{"line":79,"column":16},"end":{"line":79,"column":90}},"40":{"start":{"line":80,"column":16},"end":{"line":80,"column":35}},"41":{"start":{"line":81,"column":4},"end":{"line":81,"column":57}},"42":{"start":{"line":84,"column":24},"end":{"line":97,"column":1}},"43":{"start":{"line":85,"column":15},"end":{"line":85,"column":19}},"44":{"start":{"line":87,"column":4},"end":{"line":95,"column":null}},"45":{"start":{"line":88,"column":8},"end":{"line":88,"column":null}},"46":{"start":{"line":89,"column":10},"end":{"line":95,"column":null}},"47":{"start":{"line":90,"column":8},"end":{"line":90,"column":null}},"48":{"start":{"line":91,"column":10},"end":{"line":95,"column":null}},"49":{"start":{"line":92,"column":8},"end":{"line":92,"column":null}},"50":{"start":{"line":93,"column":10},"end":{"line":95,"column":null}},"51":{"start":{"line":94,"column":8},"end":{"line":94,"column":null}},"52":{"start":{"line":96,"column":4},"end":{"line":96,"column":13}},"53":{"start":{"line":99,"column":0},"end":{"line":99,"column":null}}},"fnMap":{"0":{"name":"(anonymous_8)","decl":{"start":{"line":6,"column":17},"end":{"line":6,"column":24}},"loc":{"start":{"line":6,"column":60},"end":{"line":14,"column":2}}},"1":{"name":"(anonymous_9)","decl":{"start":{"line":6,"column":60},"end":{"line":6,"column":null}},"loc":{"start":{"line":6,"column":60},"end":{"line":14,"column":1}}},"2":{"name":"(anonymous_10)","decl":{"start":{"line":16,"column":20},"end":{"line":16,"column":27}},"loc":{"start":{"line":16,"column":61},"end":{"line":50,"column":null}}},"3":{"name":"(anonymous_11)","decl":{"start":{"line":16,"column":61},"end":{"line":16,"column":null}},"loc":{"start":{"line":16,"column":61},"end":{"line":50,"column":1}}},"4":{"name":"(anonymous_12)","decl":{"start":{"line":52,"column":21},"end":{"line":52,"column":27}},"loc":{"start":{"line":52,"column":42},"end":{"line":59,"column":null}}},"5":{"name":"(anonymous_13)","decl":{"start":{"line":52,"column":42},"end":{"line":52,"column":null}},"loc":{"start":{"line":52,"column":42},"end":{"line":59,"column":1}}},"6":{"name":"(anonymous_14)","decl":{"start":{"line":61,"column":24},"end":{"line":61,"column":30}},"loc":{"start":{"line":61,"column":63},"end":{"line":74,"column":null}}},"7":{"name":"(anonymous_15)","decl":{"start":{"line":61,"column":63},"end":{"line":61,"column":null}},"loc":{"start":{"line":61,"column":63},"end":{"line":74,"column":1}}},"8":{"name":"(anonymous_16)","decl":{"start":{"line":76,"column":17},"end":{"line":76,"column":20}},"loc":{"start":{"line":76,"column":22},"end":{"line":82,"column":1}}},"9":{"name":"(anonymous_17)","decl":{"start":{"line":84,"column":24},"end":{"line":84,"column":25}},"loc":{"start":{"line":84,"column":67},"end":{"line":97,"column":1}}}},"branchMap":{"0":{"loc":{"start":{"line":8,"column":46},"end":{"line":8,"column":63}},"type":"cond-expr","locations":[{"start":{"line":8,"column":51},"end":{"line":8,"column":53}},{"start":{"line":8,"column":46},"end":{"line":8,"column":63}}]},"1":{"loc":{"start":{"line":8,"column":46},"end":{"line":8,"column":53}},"type":"binary-expr","locations":[{"start":{"line":8,"column":46},"end":{"line":8,"column":53}},{"start":{"line":8,"column":46},"end":{"line":8,"column":53}}]},"2":{"loc":{"start":{"line":19,"column":4},"end":{"line":25,"column":null}},"type":"if","locations":[{"start":{"line":19,"column":4},"end":{"line":25,"column":null}}]},"3":{"loc":{"start":{"line":30,"column":12},"end":{"line":34,"column":null}},"type":"if","locations":[{"start":{"line":30,"column":12},"end":{"line":34,"column":null}},{"start":{"line":32,"column":18},"end":{"line":34,"column":null}}]},"4":{"loc":{"start":{"line":30,"column":15},"end":{"line":30,"column":89}},"type":"binary-expr","locations":[{"start":{"line":30,"column":15},"end":{"line":30,"column":50}},{"start":{"line":30,"column":54},"end":{"line":30,"column":89}}]},"5":{"loc":{"start":{"line":32,"column":18},"end":{"line":34,"column":null}},"type":"if","locations":[{"start":{"line":32,"column":18},"end":{"line":34,"column":null}}]},"6":{"loc":{"start":{"line":87,"column":4},"end":{"line":95,"column":null}},"type":"if","locations":[{"start":{"line":87,"column":4},"end":{"line":95,"column":null}},{"start":{"line":89,"column":10},"end":{"line":95,"column":null}}]},"7":{"loc":{"start":{"line":88,"column":15},"end":{"line":88,"column":35}},"type":"cond-expr","locations":[{"start":{"line":88,"column":28},"end":{"line":88,"column":30}},{"start":{"line":88,"column":33},"end":{"line":88,"column":35}}]},"8":{"loc":{"start":{"line":89,"column":10},"end":{"line":95,"column":null}},"type":"if","locations":[{"start":{"line":89,"column":10},"end":{"line":95,"column":null}},{"start":{"line":91,"column":10},"end":{"line":95,"column":null}}]},"9":{"loc":{"start":{"line":90,"column":15},"end":{"line":90,"column":35}},"type":"cond-expr","locations":[{"start":{"line":90,"column":28},"end":{"line":90,"column":30}},{"start":{"line":90,"column":33},"end":{"line":90,"column":35}}]},"10":{"loc":{"start":{"line":91,"column":10},"end":{"line":95,"column":null}},"type":"if","locations":[{"start":{"line":91,"column":10},"end":{"line":95,"column":null}},{"start":{"line":93,"column":10},"end":{"line":95,"column":null}}]},"11":{"loc":{"start":{"line":92,"column":15},"end":{"line":92,"column":34}},"type":"cond-expr","locations":[{"start":{"line":92,"column":28},"end":{"line":92,"column":30}},{"start":{"line":92,"column":33},"end":{"line":92,"column":34}}]},"12":{"loc":{"start":{"line":93,"column":10},"end":{"line":95,"column":null}},"type":"if","locations":[{"start":{"line":93,"column":10},"end":{"line":95,"column":null}}]},"13":{"loc":{"start":{"line":94,"column":15},"end":{"line":94,"column":33}},"type":"cond-expr","locations":[{"start":{"line":94,"column":28},"end":{"line":94,"column":29}},{"start":{"line":94,"column":32},"end":{"line":94,"column":33}}]}},"s":{"0":2,"1":2,"2":2,"3":2,"4":2,"5":2,"6":2,"7":2,"8":1,"9":1,"10":1,"11":1,"12":0,"13":1,"14":1,"15":1,"16":1,"17":8,"18":8,"19":0,"20":8,"21":0,"22":1,"23":1,"24":2,"25":1,"26":1,"27":1,"28":2,"29":1,"30":1,"31":1,"32":1,"33":1,"34":1,"35":1,"36":2,"37":1,"38":1,"39":1,"40":1,"41":1,"42":2,"43":0,"44":0,"45":0,"46":0,"47":0,"48":0,"49":0,"50":0,"51":0,"52":0,"53":2},"f":{"0":2,"1":2,"2":1,"3":1,"4":1,"5":1,"6":1,"7":1,"8":1,"9":0},"b":{"0":[1,1],"1":[2,2],"2":[0],"3":[0,8],"4":[8,0],"5":[0],"6":[0,0],"7":[0,0],"8":[0,0],"9":[0,0],"10":[0,0],"11":[0,0],"12":[0],"13":[0,0]}}
}
