TN:
SF:src/core/db.ts
FN:13,(anonymous_7)
FN:13,(anonymous_8)
FNF:2
FNH:2
FNDA:3,(anonymous_7)
FNDA:3,(anonymous_8)
DA:1,4
DA:3,4
DA:13,4
DA:14,3
DA:15,0
DA:18,4
LF:6
LH:5
BRDA:4,0,0,0
BRDA:4,0,1,4
BRDA:4,1,0,4
BRDA:4,1,1,4
BRDA:5,2,0,0
BRDA:5,2,1,4
BRDA:5,3,0,4
BRDA:5,3,1,4
BRDA:6,4,0,0
BRDA:6,4,1,4
BRDA:6,5,0,4
BRDA:6,5,1,4
BRDA:7,6,0,0
BRDA:7,6,1,4
BRDA:7,7,0,4
BRDA:7,7,1,4
BRF:16
BRH:12
end_of_record
TN:
SF:src/core/jwt.ts
FN:3,(anonymous_0)
FNF:1
FNH:0
FNDA:0,(anonymous_0)
DA:1,2
DA:3,2
DA:4,0
DA:8,0
DA:11,2
LF:5
LH:3
BRDA:8,0,0,0
BRDA:8,0,1,0
BRDA:8,1,0,0
BRDA:8,1,1,0
BRF:4
BRH:0
end_of_record
TN:
SF:src/core/validation_message.ts
FN:1,(anonymous_0)
FN:3,(anonymous_1)
FNF:2
FNH:0
FNDA:0,(anonymous_0)
FNDA:0,(anonymous_1)
DA:1,2
DA:2,0
DA:3,0
DA:4,0
DA:5,0
DA:7,0
DA:10,2
LF:7
LH:2
BRF:0
BRH:0
end_of_record
TN:
SF:src/data/data.ts
FN:3,(anonymous_8)
FN:3,(anonymous_9)
FN:11,(anonymous_10)
FN:27,(anonymous_11)
FN:27,(anonymous_12)
FN:30,(anonymous_13)
FNF:6
FNH:6
FNDA:2,(anonymous_8)
FNDA:2,(anonymous_9)
FNDA:54,(anonymous_10)
FNDA:2,(anonymous_11)
FNDA:2,(anonymous_12)
FNDA:27,(anonymous_13)
DA:1,2
DA:3,2
DA:4,2
DA:8,2
DA:9,2
DA:10,2
DA:12,54
DA:24,2
DA:27,2
DA:28,2
DA:29,2
DA:30,27
DA:32,1
DA:35,2
LF:14
LH:14
BRDA:18,0,0,2
BRDA:18,0,1,52
BRDA:29,1,0,1
BRDA:30,2,0,0
BRDA:30,2,1,27
BRDA:30,3,0,27
BRDA:30,3,1,27
BRF:7
BRH:6
end_of_record
TN:
SF:src/dto/loginDto.ts
FNF:0
FNH:0
DA:1,2
DA:3,2
DA:5,2
LF:3
LH:3
BRF:0
BRH:0
end_of_record
TN:
SF:src/dto/registerDto.ts
FNF:0
FNH:0
DA:1,2
DA:3,2
DA:10,2
DA:13,2
DA:22,2
LF:5
LH:5
BRF:0
BRH:0
end_of_record
TN:
SF:src/services/authService.ts
FN:12,(anonymous_8)
FN:12,(anonymous_9)
FN:51,(anonymous_10)
FN:51,(anonymous_11)
FNF:4
FNH:4
FNDA:1,(anonymous_8)
FNDA:1,(anonymous_9)
FNDA:1,(anonymous_10)
FNDA:1,(anonymous_11)
DA:1,2
DA:3,2
DA:5,2
DA:7,2
DA:8,2
DA:9,2
DA:10,2
DA:12,2
DA:13,1
DA:14,1
DA:15,1
DA:16,1
DA:17,1
DA:18,1
DA:19,1
DA:20,0
DA:27,1
DA:32,0
DA:33,0
DA:39,0
DA:40,0
DA:45,0
DA:51,2
DA:52,1
DA:53,1
DA:54,1
DA:56,1
DA:57,1
DA:58,0
DA:65,1
DA:70,0
DA:71,0
DA:72,0
DA:78,0
DA:79,0
DA:85,0
DA:86,0
DA:92,0
DA:98,2
LF:39
LH:24
BRDA:19,0,0,0
BRDA:32,1,0,0
BRDA:57,2,0,0
BRDA:71,3,0,0
BRDA:85,4,0,0
BRF:5
BRH:0
end_of_record
TN:
SF:src/services/gamesService.ts
FN:6,(anonymous_8)
FN:6,(anonymous_9)
FN:16,(anonymous_10)
FN:16,(anonymous_11)
FN:52,(anonymous_12)
FN:52,(anonymous_13)
FN:61,(anonymous_14)
FN:61,(anonymous_15)
FN:76,(anonymous_16)
FN:84,(anonymous_17)
FNF:10
FNH:6
FNDA:2,(anonymous_8)
FNDA:2,(anonymous_9)
FNDA:1,(anonymous_10)
FNDA:1,(anonymous_11)
FNDA:1,(anonymous_12)
FNDA:1,(anonymous_13)
FNDA:0,(anonymous_14)
FNDA:0,(anonymous_15)
FNDA:0,(anonymous_16)
FNDA:0,(anonymous_17)
DA:2,2
DA:3,2
DA:6,2
DA:7,2
DA:8,2
DA:9,2
DA:16,2
DA:17,1
DA:18,1
DA:19,0
DA:20,0
DA:26,0
DA:27,0
DA:28,0
DA:29,0
DA:30,0
DA:31,0
DA:32,0
DA:33,0
DA:39,0
DA:41,0
DA:52,2
DA:53,1
DA:58,0
DA:61,2
DA:62,0
DA:67,0
DA:68,0
DA:69,0
DA:70,0
DA:73,0
DA:76,2
DA:77,0
DA:78,0
DA:79,0
DA:80,0
DA:81,0
DA:84,2
DA:85,0
DA:87,0
DA:88,0
DA:89,0
DA:90,0
DA:91,0
DA:92,0
DA:93,0
DA:94,0
DA:96,0
DA:99,2
LF:49
LH:15
BRDA:8,0,0,1
BRDA:8,0,1,1
BRDA:8,1,0,2
BRDA:8,1,1,2
BRDA:19,2,0,0
BRDA:30,3,0,0
BRDA:30,3,1,0
BRDA:30,4,0,0
BRDA:30,4,1,0
BRDA:32,5,0,0
BRDA:87,6,0,0
BRDA:87,6,1,0
BRDA:88,7,0,0
BRDA:88,7,1,0
BRDA:89,8,0,0
BRDA:89,8,1,0
BRDA:90,9,0,0
BRDA:90,9,1,0
BRDA:91,10,0,0
BRDA:91,10,1,0
BRDA:92,11,0,0
BRDA:92,11,1,0
BRDA:93,12,0,0
BRDA:94,13,0,0
BRDA:94,13,1,0
BRF:25
BRH:4
end_of_record
